<?xml version="1.0" encoding="UTF-8"?>
<testng-results ignored="0" total="1" passed="1" failed="0" skipped="0">
  <reporter-output>
  </reporter-output>
  <suite started-at="2021-06-08T11:33:41 IST" name="Suite" finished-at="2021-06-08T11:34:11 IST" duration-ms="30356">
    <groups>
    </groups>
    <test started-at="2021-06-08T11:33:41 IST" name="Test" finished-at="2021-06-08T11:34:11 IST" duration-ms="30356">
      <class name="com.DemoGuru.TestCases.ManagerLoginTest">
        <test-method is-config="true" signature="setup(java.lang.String)[pri:0, instance:com.DemoGuru.TestCases.ManagerLoginTest@12d3a4e9]" started-at="2021-06-08T11:33:41 IST" name="setup" finished-at="2021-06-08T11:34:03 IST" duration-ms="22454" status="PASS">
          <params>
            <param index="0">
              <value>
                <![CDATA[chrome]]>
              </value>
            </param>
          </params>
          <reporter-output>
          </reporter-output>
        </test-method> <!-- setup -->
        <test-method signature="LoginPageTest()[pri:0, instance:com.DemoGuru.TestCases.ManagerLoginTest@12d3a4e9]" started-at="2021-06-08T11:34:03 IST" name="LoginPageTest" finished-at="2021-06-08T11:34:10 IST" duration-ms="6320" status="PASS">
          <reporter-output>
          </reporter-output>
        </test-method> <!-- LoginPageTest -->
        <test-method is-config="true" signature="tearDown()[pri:0, instance:com.DemoGuru.TestCases.ManagerLoginTest@12d3a4e9]" started-at="2021-06-08T11:34:10 IST" name="tearDown" finished-at="2021-06-08T11:34:11 IST" duration-ms="1509" status="PASS">
          <reporter-output>
          </reporter-output>
        </test-method> <!-- tearDown -->
      </class> <!-- com.DemoGuru.TestCases.ManagerLoginTest -->
    </test> <!-- Test -->
  </suite> <!-- Suite -->
</testng-results>
